[2022-10-31 13:39:56,371] multiqc                                            [DEBUG  ]  This is MultiQC v1.12
[2022-10-31 13:39:56,372] multiqc                                            [DEBUG  ]  No MultiQC config found: /home/ultron/anaconda3/lib/python3.7/site-packages/multiqc_config.yaml
[2022-10-31 13:39:56,372] multiqc                                            [DEBUG  ]  No MultiQC config found: /home/ultron/.multiqc_config.yaml
[2022-10-31 13:39:56,372] multiqc                                            [DEBUG  ]  No MultiQC config found: multiqc_config.yaml
[2022-10-31 13:39:56,372] multiqc                                            [DEBUG  ]  Command used: /home/ultron/anaconda3/bin/multiqc ./trim_cut_S84_R1_fastqc.zip ./trim_cut_S84_R2_fastqc.zip ./trim_cut_S92_R1_fastqc.zip ./trim_cut_S92_R2_fastqc.zip
[2022-10-31 13:39:56,467] multiqc                                            [WARNING]  MultiQC Version v1.13 now available!
[2022-10-31 13:39:56,468] multiqc                                            [DEBUG  ]  Command     : /home/ultron/anaconda3/bin/multiqc ./trim_cut_S84_R1_fastqc.zip ./trim_cut_S84_R2_fastqc.zip ./trim_cut_S92_R1_fastqc.zip ./trim_cut_S92_R2_fastqc.zip
[2022-10-31 13:39:56,468] multiqc                                            [DEBUG  ]  Working dir : /home/ultron/Git/GAMBA/example/fastqs/1_trimmed_reads/trimmomatic/cutadapt/QC
[2022-10-31 13:39:56,468] multiqc                                            [DEBUG  ]  Template    : default
[2022-10-31 13:39:56,468] multiqc                                            [DEBUG  ]  Running Python 3.7.4 (default, Aug 13 2019, 20:35:49)  [GCC 7.3.0]
[2022-10-31 13:39:56,469] multiqc                                            [DEBUG  ]  Analysing modules: custom_content, ccs, ngsderive, purple, conpair, lima, peddy, somalier, methylQA, mosdepth, phantompeakqualtools, qualimap, preseq, quast, qorts, rna_seqc, rockhopper, rsem, rseqc, busco, bustools, goleft_indexcov, gffcompare, disambiguate, supernova, deeptools, sargasso, verifybamid, mirtrace, happy, mirtop, sambamba, homer, hops, macs2, theta2, snpeff, gatk, htseq, bcftools, featureCounts, fgbio, dragen, dedup, pbmarkdup, damageprofiler, biobambam2, jcvi, mtnucratio, picard, vep, sentieon, prokka, qc3C, nanostat, samblaster, samtools, sexdeterrmine, eigenstratdatabasetools, bamtools, jellyfish, vcftools, longranger, stacks, varscan2, snippy, bbmap, bismark, biscuit, hicexplorer, hicup, hicpro, salmon, kallisto, slamdunk, star, hisat2, tophat, bowtie2, bowtie1, snpsplit, odgi, pangolin, kat, leehom, adapterRemoval, clipandmerge, cutadapt, flexbar, kaiju, kraken, malt, trimmomatic, sickle, skewer, sortmerna, biobloomtools, fastq_screen, afterqc, fastp, fastqc, pychopper, pycoqc, minionqc, multivcfanalyzer, clusterflow, checkqc, bcl2fastq, bclconvert, interop, ivar, flash, seqyclean, optitype, whatshap
[2022-10-31 13:39:56,469] multiqc                                            [DEBUG  ]  Using temporary directory for creating report: /tmp/tmpas1gkvqy
[2022-10-31 13:39:56,661] multiqc                                            [INFO   ]  Search path : /home/ultron/Git/GAMBA/example/fastqs/1_trimmed_reads/trimmomatic/cutadapt/QC/trim_cut_S84_R1_fastqc.zip
[2022-10-31 13:39:56,661] multiqc                                            [INFO   ]  Search path : /home/ultron/Git/GAMBA/example/fastqs/1_trimmed_reads/trimmomatic/cutadapt/QC/trim_cut_S84_R2_fastqc.zip
[2022-10-31 13:39:56,661] multiqc                                            [INFO   ]  Search path : /home/ultron/Git/GAMBA/example/fastqs/1_trimmed_reads/trimmomatic/cutadapt/QC/trim_cut_S92_R1_fastqc.zip
[2022-10-31 13:39:56,661] multiqc                                            [INFO   ]  Search path : /home/ultron/Git/GAMBA/example/fastqs/1_trimmed_reads/trimmomatic/cutadapt/QC/trim_cut_S92_R2_fastqc.zip
[2022-10-31 13:39:56,984] multiqc.plots.linegraph                            [DEBUG  ]  Using matplotlib version 3.1.1
[2022-10-31 13:39:56,984] multiqc.plots.bargraph                             [DEBUG  ]  Using matplotlib version 3.1.1
[2022-10-31 13:39:57,026] multiqc.modules.fastqc.fastqc                      [INFO   ]  Found 4 reports
[2022-10-31 13:39:57,164] multiqc                                            [INFO   ]  Compressing plot data
[2022-10-31 13:39:57,256] multiqc                                            [INFO   ]  Report      : multiqc_report.html
[2022-10-31 13:39:57,256] multiqc                                            [INFO   ]  Data        : multiqc_data
[2022-10-31 13:39:57,256] multiqc                                            [DEBUG  ]  Moving data file from '/tmp/tmpas1gkvqy/multiqc_data' to '/home/ultron/Git/GAMBA/example/fastqs/1_trimmed_reads/trimmomatic/cutadapt/QC/multiqc_data'
[2022-10-31 13:39:57,426] multiqc                                            [INFO   ]  MultiQC complete
